Using pre-set license

 COMMAND LINE ARGUMENTS:
/Applications/Unity/Hub/Editor/2020.3.5f1/Unity.app/Contents/MacOS/Unity
-adb2
-batchMode
-noUpm
-name
AssetImportWorker0
-projectPath
/Users/kola/Desktop/EPFL_things/BA4/Person-System/Project/CS213 
-logFile
Logs/AssetImportWorker0.log
-srvPort
65408
Successfully changed project path to: /Users/kola/Desktop/EPFL_things/BA4/Person-System/Project/CS213 
/Users/kola/Desktop/EPFL_things/BA4/Person-System/Project/CS213 
Using Asset Import Pipeline V2.
Refreshing native plugins compatible for Editor in 40.47 ms, found 4 plugins.
Preloading 2 native plugins for Editor in 27.15 ms.
Initialize engine version: 2020.3.5f1 (8095aa901b9b)
[Subsystems] Discovering subsystems at path /Applications/Unity/Hub/Editor/2020.3.5f1/Unity.app/Contents/Resources/UnitySubsystems
[Subsystems] Discovering subsystems at path /Users/kola/Desktop/EPFL_things/BA4/Person-System/Project/CS213 /Assets
GfxDevice: creating device client; threaded=0
2022-04-06 20:20:11.347 Unity[29207:1148810] Color LCD preferred device: Intel(R) Iris(TM) Plus Graphics 655 (low power)
2022-04-06 20:20:11.347 Unity[29207:1148810] Metal devices available: 1
2022-04-06 20:20:11.347 Unity[29207:1148810] 0: Intel(R) Iris(TM) Plus Graphics 655 (low power)
2022-04-06 20:20:11.347 Unity[29207:1148810] Using device Intel(R) Iris(TM) Plus Graphics 655 (low power)
Initializing Metal device caps: Intel(R) Iris(TM) Plus Graphics 655
Initialize mono
Mono path[0] = '/Applications/Unity/Hub/Editor/2020.3.5f1/Unity.app/Contents/Managed'
Mono path[1] = '/Applications/Unity/Hub/Editor/2020.3.5f1/Unity.app/Contents/MonoBleedingEdge/lib/mono/unityjit'
Mono config path = '/Applications/Unity/Hub/Editor/2020.3.5f1/Unity.app/Contents/MonoBleedingEdge/etc'
Using monoOptions --debugger-agent=transport=dt_socket,embedding=1,server=y,suspend=n,address=127.0.0.1:56207
Begin MonoManager ReloadAssembly
Registering precompiled unity dll's ...
Register platform support module: /Applications/Unity/Hub/Editor/2020.3.5f1/Unity.app/Contents/PlaybackEngines/MacStandaloneSupport/UnityEditor.OSXStandalone.Extensions.dll
Registered in 0.002558 seconds.
Native extension for OSXStandalone target not found
Refreshing native plugins compatible for Editor in 40.17 ms, found 4 plugins.
Preloading 2 native plugins for Editor in 1.80 ms.
Mono: successfully reloaded assembly
- Completed reload, in  4.325 seconds
Platform modules already initialized, skipping
Registering precompiled user dll's ...
Registered in 0.008585 seconds.
Begin MonoManager ReloadAssembly
Native extension for OSXStandalone target not found
Refreshing native plugins compatible for Editor in 0.42 ms, found 4 plugins.
Preloading 2 native plugins for Editor in 1.90 ms.
Mono: successfully reloaded assembly
- Completed reload, in  1.289 seconds
Platform modules already initialized, skipping
========================================================================
Worker process is ready to serve import requests
Launching external process: /Applications/Unity/Hub/Editor/2020.3.5f1/Unity.app/Contents/Tools/UnityShaderCompiler
Launched and connected shader compiler UnityShaderCompiler after 0.02 seconds
Refreshing native plugins compatible for Editor in 0.71 ms, found 4 plugins.
Preloading 2 native plugins for Editor in 2.72 ms.
Unloading 1559 Unused Serialized files (Serialized files now loaded: 0)
System memory in use before: 168.3 MB.
System memory in use after: 168.4 MB.

Unloading 18 unused Assets to reduce memory usage. Loaded Objects now: 2017.
Total: 4.047597 ms (FindLiveObjects: 0.566434 ms CreateObjectMapping: 0.142677 ms MarkObjects: 3.222810 ms  DeleteObjects: 0.113598 ms)

========================================================================
Received Import Request.
  path: Assets/Scripts/CollisionsExample.cs
  artifactKey: Guid(8507b8a9763bb4f18862f67e99d6ae77) Importer(815301076,1909f56bfc062723c751e8b465ee728b)
Start importing Assets/Scripts/CollisionsExample.cs using Guid(8507b8a9763bb4f18862f67e99d6ae77) Importer(815301076,1909f56bfc062723c751e8b465ee728b)  -> (artifact id: 'c5f47e3e39eda407a239dbae9364a6cb') in 0.316474 seconds
  Import took 0.320389 seconds .

========================================================================
Received Prepare
Registering precompiled user dll's ...
Registered in 0.002069 seconds.
Begin MonoManager ReloadAssembly
Native extension for OSXStandalone target not found
Refreshing native plugins compatible for Editor in 0.45 ms, found 4 plugins.
Preloading 2 native plugins for Editor in 1.76 ms.
Mono: successfully reloaded assembly
- Completed reload, in  1.165 seconds
Platform modules already initialized, skipping
Refreshing native plugins compatible for Editor in 0.42 ms, found 4 plugins.
Preloading 2 native plugins for Editor in 1.77 ms.
Unloading 1533 Unused Serialized files (Serialized files now loaded: 0)
System memory in use before: 170.7 MB.
System memory in use after: 170.7 MB.

Unloading 13 unused Assets to reduce memory usage. Loaded Objects now: 2019.
Total: 2.132075 ms (FindLiveObjects: 0.249288 ms CreateObjectMapping: 0.066633 ms MarkObjects: 1.798518 ms  DeleteObjects: 0.016471 ms)

========================================================================
Received Prepare
Registering precompiled user dll's ...
Registered in 0.001961 seconds.
Begin MonoManager ReloadAssembly
Native extension for OSXStandalone target not found
Refreshing native plugins compatible for Editor in 0.45 ms, found 4 plugins.
Preloading 2 native plugins for Editor in 1.92 ms.
Mono: successfully reloaded assembly
- Completed reload, in  1.127 seconds
Platform modules already initialized, skipping
Refreshing native plugins compatible for Editor in 0.45 ms, found 4 plugins.
Preloading 2 native plugins for Editor in 1.97 ms.
Unloading 1533 Unused Serialized files (Serialized files now loaded: 0)
System memory in use before: 170.8 MB.
System memory in use after: 170.9 MB.

Unloading 13 unused Assets to reduce memory usage. Loaded Objects now: 2021.
Total: 2.665015 ms (FindLiveObjects: 0.384746 ms CreateObjectMapping: 0.130260 ms MarkObjects: 2.126093 ms  DeleteObjects: 0.021762 ms)

========================================================================
Received Prepare
Registering precompiled user dll's ...
Registered in 0.001241 seconds.
Begin MonoManager ReloadAssembly
Native extension for OSXStandalone target not found
Refreshing native plugins compatible for Editor in 0.56 ms, found 4 plugins.
Preloading 2 native plugins for Editor in 1.81 ms.
Mono: successfully reloaded assembly
- Completed reload, in  1.074 seconds
Platform modules already initialized, skipping
Refreshing native plugins compatible for Editor in 0.48 ms, found 4 plugins.
Preloading 2 native plugins for Editor in 1.79 ms.
Unloading 1533 Unused Serialized files (Serialized files now loaded: 0)
System memory in use before: 171.1 MB.
System memory in use after: 171.1 MB.

Unloading 13 unused Assets to reduce memory usage. Loaded Objects now: 2023.
Total: 2.507157 ms (FindLiveObjects: 0.324424 ms CreateObjectMapping: 0.096043 ms MarkObjects: 2.064386 ms  DeleteObjects: 0.020425 ms)

AssetImportWorkerClient::OnTransportError - code=2 error=End of file
