Using pre-set license

 COMMAND LINE ARGUMENTS:
/Applications/Unity/Hub/Editor/2020.3.5f1/Unity.app/Contents/MacOS/Unity
-adb2
-batchMode
-noUpm
-name
AssetImportWorker0
-projectPath
/Users/kola/Desktop/EPFL_things/BA4/Person-System/Project/CS213 
-logFile
Logs/AssetImportWorker0.log
-srvPort
54741
Successfully changed project path to: /Users/kola/Desktop/EPFL_things/BA4/Person-System/Project/CS213 
/Users/kola/Desktop/EPFL_things/BA4/Person-System/Project/CS213 
Using Asset Import Pipeline V2.
Refreshing native plugins compatible for Editor in 39.47 ms, found 4 plugins.
Preloading 2 native plugins for Editor in 34.54 ms.
Initialize engine version: 2020.3.5f1 (8095aa901b9b)
[Subsystems] Discovering subsystems at path /Applications/Unity/Hub/Editor/2020.3.5f1/Unity.app/Contents/Resources/UnitySubsystems
[Subsystems] Discovering subsystems at path /Users/kola/Desktop/EPFL_things/BA4/Person-System/Project/CS213 /Assets
GfxDevice: creating device client; threaded=0
2022-04-06 22:31:32.136 Unity[31064:1222201] Color LCD preferred device: Intel(R) Iris(TM) Plus Graphics 655 (low power)
2022-04-06 22:31:32.136 Unity[31064:1222201] Metal devices available: 1
2022-04-06 22:31:32.136 Unity[31064:1222201] 0: Intel(R) Iris(TM) Plus Graphics 655 (low power)
2022-04-06 22:31:32.136 Unity[31064:1222201] Using device Intel(R) Iris(TM) Plus Graphics 655 (low power)
Initializing Metal device caps: Intel(R) Iris(TM) Plus Graphics 655
Initialize mono
Mono path[0] = '/Applications/Unity/Hub/Editor/2020.3.5f1/Unity.app/Contents/Managed'
Mono path[1] = '/Applications/Unity/Hub/Editor/2020.3.5f1/Unity.app/Contents/MonoBleedingEdge/lib/mono/unityjit'
Mono config path = '/Applications/Unity/Hub/Editor/2020.3.5f1/Unity.app/Contents/MonoBleedingEdge/etc'
Using monoOptions --debugger-agent=transport=dt_socket,embedding=1,server=y,suspend=n,address=127.0.0.1:56064
Begin MonoManager ReloadAssembly
Registering precompiled unity dll's ...
Register platform support module: /Applications/Unity/Hub/Editor/2020.3.5f1/Unity.app/Contents/PlaybackEngines/MacStandaloneSupport/UnityEditor.OSXStandalone.Extensions.dll
Registered in 0.000568 seconds.
Native extension for OSXStandalone target not found
Refreshing native plugins compatible for Editor in 40.12 ms, found 4 plugins.
Preloading 2 native plugins for Editor in 2.62 ms.
Mono: successfully reloaded assembly
- Completed reload, in  4.390 seconds
Platform modules already initialized, skipping
Registering precompiled user dll's ...
Registered in 0.001575 seconds.
Begin MonoManager ReloadAssembly
Native extension for OSXStandalone target not found
Refreshing native plugins compatible for Editor in 0.41 ms, found 4 plugins.
Preloading 2 native plugins for Editor in 1.89 ms.
Mono: successfully reloaded assembly
- Completed reload, in  1.215 seconds
Platform modules already initialized, skipping
========================================================================
Worker process is ready to serve import requests
Launching external process: /Applications/Unity/Hub/Editor/2020.3.5f1/Unity.app/Contents/Tools/UnityShaderCompiler
Launched and connected shader compiler UnityShaderCompiler after 0.01 seconds
Refreshing native plugins compatible for Editor in 0.48 ms, found 4 plugins.
Preloading 2 native plugins for Editor in 2.06 ms.
Unloading 1559 Unused Serialized files (Serialized files now loaded: 0)
System memory in use before: 168.4 MB.
System memory in use after: 168.4 MB.

Unloading 18 unused Assets to reduce memory usage. Loaded Objects now: 2017.
Total: 3.083763 ms (FindLiveObjects: 0.321750 ms CreateObjectMapping: 0.100064 ms MarkObjects: 2.580919 ms  DeleteObjects: 0.079280 ms)

========================================================================
Received Import Request.
  path: Assets/Scenes/ScoreScene.unity
  artifactKey: Guid(6af76148f09c249e1b2486abd9718ed5) Importer(815301076,1909f56bfc062723c751e8b465ee728b)
Start importing Assets/Scenes/ScoreScene.unity using Guid(6af76148f09c249e1b2486abd9718ed5) Importer(815301076,1909f56bfc062723c751e8b465ee728b)  -> (artifact id: '3db21b66e4894d233c9c8e534d62cc28') in 0.017198 seconds
  Import took 0.020318 seconds .

========================================================================
Received Import Request.
  Time since last request: 39.581468 seconds.
  path: Assets/Scenes/ControlPanel.unity
  artifactKey: Guid(06bcfa7b5121357f397561590bf22ca1) Importer(815301076,1909f56bfc062723c751e8b465ee728b)
Start importing Assets/Scenes/ControlPanel.unity using Guid(06bcfa7b5121357f397561590bf22ca1) Importer(815301076,1909f56bfc062723c751e8b465ee728b)  -> (artifact id: 'dd3006f1a817165de207395a39adc291') in 0.002060 seconds
  Import took 0.007544 seconds .

========================================================================
Received Import Request.
  Time since last request: 0.000754 seconds.
  path: Assets/Scenes/ControlPanel.unity
  artifactKey: Guid(06bcfa7b5121357f397561590bf22ca1) Importer(815301076,1909f56bfc062723c751e8b465ee728b)
Start importing Assets/Scenes/ControlPanel.unity using Guid(06bcfa7b5121357f397561590bf22ca1) Importer(815301076,1909f56bfc062723c751e8b465ee728b)  -> (artifact id: 'dd3006f1a817165de207395a39adc291') in 0.002292 seconds
  Import took 0.006883 seconds .

========================================================================
Received Import Request.
  Time since last request: 189.736591 seconds.
  path: Assets/Art/e24124d5a1ac1342d9456bc54ad3a472.png
  artifactKey: Guid(f9101a481291d4961b1ada94a61085fc) Importer(815301076,1909f56bfc062723c751e8b465ee728b)
Start importing Assets/Art/e24124d5a1ac1342d9456bc54ad3a472.png using Guid(f9101a481291d4961b1ada94a61085fc) Importer(815301076,1909f56bfc062723c751e8b465ee728b)  -> (artifact id: '9d8e100c9de548c269a25ddf8a005759') in 0.861768 seconds
  Import took 0.865363 seconds .

